<?xml version="1.0" encoding="UTF-8"?>
<coverage generated="1512007674842" clover="3.2.0">
  <project timestamp="1512007674843" name="All files">
    <metrics statements="35" coveredstatements="27" conditionals="2" coveredconditionals="1" methods="10" coveredmethods="3" elements="47" coveredelements="31" complexity="0" loc="35" ncloc="35" packages="4" files="4" classes="4">
      <package name="workmate-server">
        <metrics statements="10" coveredstatements="10" conditionals="0" coveredconditionals="0" methods="0" coveredmethods="0"/>
        <file name="app.js" path="/home/munawirali/Hacktiv8/Phase3/week3/workmate-server/app.js">
          <metrics statements="10" coveredstatements="10" conditionals="0" coveredconditionals="0" methods="0" coveredmethods="0"/>
          <line num="1" count="1" type="stmt"/>
          <line num="2" count="1" type="stmt"/>
          <line num="3" count="1" type="stmt"/>
          <line num="5" count="1" type="stmt"/>
          <line num="6" count="1" type="stmt"/>
          <line num="7" count="1" type="stmt"/>
          <line num="11" count="1" type="stmt"/>
          <line num="12" count="1" type="stmt"/>
          <line num="13" count="1" type="stmt"/>
          <line num="15" count="1" type="stmt"/>
        </file>
      </package>
      <package name="workmate-server.controller">
        <metrics statements="11" coveredstatements="4" conditionals="0" coveredconditionals="0" methods="9" coveredmethods="2"/>
        <file name="JobSeekerCtrl.js" path="/home/munawirali/Hacktiv8/Phase3/week3/workmate-server/controller/JobSeekerCtrl.js">
          <metrics statements="11" coveredstatements="4" conditionals="0" coveredconditionals="0" methods="9" coveredmethods="2"/>
          <line num="1" count="1" type="stmt"/>
          <line num="5" count="0" type="stmt"/>
          <line num="7" count="0" type="stmt"/>
          <line num="13" count="0" type="stmt"/>
          <line num="17" count="0" type="stmt"/>
          <line num="19" count="0" type="stmt"/>
          <line num="25" count="0" type="stmt"/>
          <line num="29" count="2" type="stmt"/>
          <line num="34" count="2" type="stmt"/>
          <line num="40" count="0" type="stmt"/>
          <line num="45" count="1" type="stmt"/>
        </file>
      </package>
      <package name="workmate-server.models">
        <metrics statements="7" coveredstatements="6" conditionals="2" coveredconditionals="1" methods="1" coveredmethods="1"/>
        <file name="JobSeeker.js" path="/home/munawirali/Hacktiv8/Phase3/week3/workmate-server/models/JobSeeker.js">
          <metrics statements="7" coveredstatements="6" conditionals="2" coveredconditionals="1" methods="1" coveredmethods="1"/>
          <line num="1" count="1" type="stmt"/>
          <line num="2" count="1" type="stmt"/>
          <line num="3" count="1" type="cond" truecount="1" falsecount="1"/>
          <line num="4" count="0" type="stmt"/>
          <line num="8" count="1" type="stmt"/>
          <line num="10" count="1" type="stmt"/>
          <line num="20" count="1" type="stmt"/>
        </file>
      </package>
      <package name="workmate-server.routes">
        <metrics statements="7" coveredstatements="7" conditionals="0" coveredconditionals="0" methods="0" coveredmethods="0"/>
        <file name="JobSeekerRoute.js" path="/home/munawirali/Hacktiv8/Phase3/week3/workmate-server/routes/JobSeekerRoute.js">
          <metrics statements="7" coveredstatements="7" conditionals="0" coveredconditionals="0" methods="0" coveredmethods="0"/>
          <line num="1" count="1" type="stmt"/>
          <line num="2" count="1" type="stmt"/>
          <line num="3" count="1" type="stmt"/>
          <line num="5" count="1" type="stmt"/>
          <line num="6" count="1" type="stmt"/>
          <line num="7" count="1" type="stmt"/>
          <line num="9" count="1" type="stmt"/>
        </file>
      </package>
    </metrics>
  </project>
</coverage>
