<?xml version="1.0" encoding="UTF-8"?>
<coverage generated="1511968657845" clover="3.2.0">
  <project timestamp="1511968657845" name="All files">
    <metrics statements="31" coveredstatements="28" conditionals="2" coveredconditionals="1" methods="7" coveredmethods="5" elements="40" coveredelements="34" complexity="0" loc="31" ncloc="31" packages="4" files="4" classes="4">
      <package name="workmate-server">
        <metrics statements="10" coveredstatements="10" conditionals="0" coveredconditionals="0" methods="0" coveredmethods="0"/>
        <file name="app.js" path="/home/munawirali/Hacktiv8/Phase3/week3/workmate-server/app.js">
          <metrics statements="10" coveredstatements="10" conditionals="0" coveredconditionals="0" methods="0" coveredmethods="0"/>
          <line num="1" count="1" type="stmt"/>
          <line num="2" count="1" type="stmt"/>
          <line num="3" count="1" type="stmt"/>
          <line num="5" count="1" type="stmt"/>
          <line num="6" count="1" type="stmt"/>
          <line num="7" count="1" type="stmt"/>
          <line num="11" count="1" type="stmt"/>
          <line num="12" count="1" type="stmt"/>
          <line num="13" count="1" type="stmt"/>
          <line num="15" count="1" type="stmt"/>
        </file>
      </package>
      <package name="workmate-server.controller">
        <metrics statements="8" coveredstatements="6" conditionals="0" coveredconditionals="0" methods="6" coveredmethods="4"/>
        <file name="JobSeekerCtrl.js" path="/home/munawirali/Hacktiv8/Phase3/week3/workmate-server/controller/JobSeekerCtrl.js">
          <metrics statements="8" coveredstatements="6" conditionals="0" coveredconditionals="0" methods="6" coveredmethods="4"/>
          <line num="1" count="1" type="stmt"/>
          <line num="5" count="2" type="stmt"/>
          <line num="7" count="2" type="stmt"/>
          <line num="13" count="0" type="stmt"/>
          <line num="17" count="2" type="stmt"/>
          <line num="19" count="2" type="stmt"/>
          <line num="25" count="0" type="stmt"/>
          <line num="30" count="1" type="stmt"/>
        </file>
      </package>
      <package name="workmate-server.models">
        <metrics statements="7" coveredstatements="6" conditionals="2" coveredconditionals="1" methods="1" coveredmethods="1"/>
        <file name="JobSeeker.js" path="/home/munawirali/Hacktiv8/Phase3/week3/workmate-server/models/JobSeeker.js">
          <metrics statements="7" coveredstatements="6" conditionals="2" coveredconditionals="1" methods="1" coveredmethods="1"/>
          <line num="1" count="1" type="stmt"/>
          <line num="2" count="1" type="stmt"/>
          <line num="3" count="1" type="cond" truecount="1" falsecount="1"/>
          <line num="4" count="0" type="stmt"/>
          <line num="8" count="1" type="stmt"/>
          <line num="10" count="1" type="stmt"/>
          <line num="20" count="1" type="stmt"/>
        </file>
      </package>
      <package name="workmate-server.routes">
        <metrics statements="6" coveredstatements="6" conditionals="0" coveredconditionals="0" methods="0" coveredmethods="0"/>
        <file name="JobSeekerRoute.js" path="/home/munawirali/Hacktiv8/Phase3/week3/workmate-server/routes/JobSeekerRoute.js">
          <metrics statements="6" coveredstatements="6" conditionals="0" coveredconditionals="0" methods="0" coveredmethods="0"/>
          <line num="1" count="1" type="stmt"/>
          <line num="2" count="1" type="stmt"/>
          <line num="3" count="1" type="stmt"/>
          <line num="5" count="1" type="stmt"/>
          <line num="6" count="1" type="stmt"/>
          <line num="8" count="1" type="stmt"/>
        </file>
      </package>
    </metrics>
  </project>
</coverage>
