TN:
SF:/home/munawirali/Hacktiv8/Phase3/week3/workmate-server/app.js
FNF:0
FNH:0
DA:1,1
DA:2,1
DA:3,1
DA:5,1
DA:6,1
DA:7,1
DA:11,1
DA:12,1
DA:13,1
DA:15,1
LF:10
LH:10
BRF:0
BRH:0
end_of_record
TN:
SF:/home/munawirali/Hacktiv8/Phase3/week3/workmate-server/controller/JobSeekerCtrl.js
FN:4,(anonymous_0)
FN:6,(anonymous_1)
FN:12,(anonymous_2)
FN:16,(anonymous_3)
FN:18,(anonymous_4)
FN:24,(anonymous_5)
FNF:6
FNH:4
FNDA:2,(anonymous_0)
FNDA:2,(anonymous_1)
FNDA:0,(anonymous_2)
FNDA:2,(anonymous_3)
FNDA:2,(anonymous_4)
FNDA:0,(anonymous_5)
DA:1,1
DA:5,2
DA:7,2
DA:13,0
DA:17,2
DA:19,2
DA:25,0
DA:30,1
LF:8
LH:6
BRF:0
BRH:0
end_of_record
TN:
SF:/home/munawirali/Hacktiv8/Phase3/week3/workmate-server/models/JobSeeker.js
FN:2,(anonymous_0)
FNF:1
FNH:1
FNDA:1,(anonymous_0)
DA:1,1
DA:2,1
DA:3,1
DA:4,0
DA:8,1
DA:10,1
DA:20,1
LF:7
LH:6
BRDA:3,0,0,0
BRDA:3,0,1,1
BRF:2
BRH:1
end_of_record
TN:
SF:/home/munawirali/Hacktiv8/Phase3/week3/workmate-server/routes/JobSeekerRoute.js
FNF:0
FNH:0
DA:1,1
DA:2,1
DA:3,1
DA:5,1
DA:6,1
DA:8,1
LF:6
LH:6
BRF:0
BRH:0
end_of_record
