TN:
SF:/home/munawirali/Hacktiv8/Phase3/week3/workmate-server/app.js
FNF:0
FNH:0
DA:1,1
DA:2,1
DA:3,1
DA:5,1
DA:6,1
DA:7,1
DA:11,1
DA:12,1
DA:13,1
DA:15,1
LF:10
LH:10
BRF:0
BRH:0
end_of_record
TN:
SF:/home/munawirali/Hacktiv8/Phase3/week3/workmate-server/controller/JobSeekerCtrl.js
FN:4,(anonymous_0)
FN:6,(anonymous_1)
FN:12,(anonymous_2)
FN:16,(anonymous_3)
FN:18,(anonymous_4)
FN:24,(anonymous_5)
FN:28,(anonymous_6)
FN:33,(anonymous_7)
FN:39,(anonymous_8)
FNF:9
FNH:2
FNDA:0,(anonymous_0)
FNDA:0,(anonymous_1)
FNDA:0,(anonymous_2)
FNDA:0,(anonymous_3)
FNDA:0,(anonymous_4)
FNDA:0,(anonymous_5)
FNDA:2,(anonymous_6)
FNDA:2,(anonymous_7)
FNDA:0,(anonymous_8)
DA:1,1
DA:5,0
DA:7,0
DA:13,0
DA:17,0
DA:19,0
DA:25,0
DA:29,2
DA:34,2
DA:40,0
DA:45,1
LF:11
LH:4
BRF:0
BRH:0
end_of_record
TN:
SF:/home/munawirali/Hacktiv8/Phase3/week3/workmate-server/models/JobSeeker.js
FN:2,(anonymous_0)
FNF:1
FNH:1
FNDA:1,(anonymous_0)
DA:1,1
DA:2,1
DA:3,1
DA:4,0
DA:8,1
DA:10,1
DA:20,1
LF:7
LH:6
BRDA:3,0,0,0
BRDA:3,0,1,1
BRF:2
BRH:1
end_of_record
TN:
SF:/home/munawirali/Hacktiv8/Phase3/week3/workmate-server/routes/JobSeekerRoute.js
FNF:0
FNH:0
DA:1,1
DA:2,1
DA:3,1
DA:5,1
DA:6,1
DA:7,1
DA:9,1
LF:7
LH:7
BRF:0
BRH:0
end_of_record
